<?xml version="1.0" encoding="UTF-8"?>
<!-- Generated by org.testng.reporters.JUnitReportReporter -->
<testsuite hostname="Dhanya" failures="0" tests="1" name="testRunner.TestRunner" time="19.075" errors="0" timestamp="2024-11-25T14:55:45 EST" skipped="0">
  <testcase classname="testRunner.TestRunner" name="runScenario" time="19.075"/>
  <system-out/>
</testsuite> <!-- testRunner.TestRunner -->
